  [4;36;1mSQL (0.4ms)[0m   [0;1m SELECT name
 FROM sqlite_master
 WHERE type = 'table' AND NOT name = 'sqlite_sequence'
[0m
  [4;35;1mSQL (0.1ms)[0m   [0mSELECT version FROM schema_migrations[0m
Migrating to CreateErrors (20090529001548)
  [4;36;1mSQL (0.1ms)[0m   [0;1mselect sqlite_version(*)[0m
  [4;35;1mSQL (0.0ms)[0m   [0mSQLite3::SQLException: table "errors" already exists: CREATE TABLE "errors" ("id" INTEGER PRIMARY KEY AUTOINCREMENT NOT NULL, "controller" varchar(255), "action" varchar(255), "exception_type" varchar(255), "message" varchar(255), "url" varchar(255), "request_type" varchar(255), "stack_trace" text, "env_vars" text, "session" text, "params" text, "hostname" varchar(255), "pid" integer, "created_at" datetime, "updated_at" datetime) [0m
  [4;36;1mSQL (0.2ms)[0m   [0;1m SELECT name
 FROM sqlite_master
 WHERE type = 'table' AND NOT name = 'sqlite_sequence'
[0m
  [4;35;1mSQL (0.1ms)[0m   [0mselect sqlite_version(*)[0m
  [4;36;1mSQL (17.0ms)[0m   [0;1mCREATE TABLE "schema_migrations" ("version" varchar(255) NOT NULL) [0m
  [4;35;1mSQL (3.2ms)[0m   [0mCREATE UNIQUE INDEX "unique_schema_migrations" ON "schema_migrations" ("version")[0m
  [4;36;1mSQL (0.1ms)[0m   [0;1m SELECT name
 FROM sqlite_master
 WHERE type = 'table' AND NOT name = 'sqlite_sequence'
[0m
  [4;35;1mSQL (0.1ms)[0m   [0mSELECT version FROM schema_migrations[0m
Migrating to CreateErrors (20090529001548)
  [4;36;1mSQL (0.3ms)[0m   [0;1mCREATE TABLE "errors" ("id" INTEGER PRIMARY KEY AUTOINCREMENT NOT NULL, "controller" varchar(255), "action" varchar(255), "exception_type" varchar(255), "message" varchar(255), "url" varchar(255), "request_type" varchar(255), "stack_trace" text, "env_vars" text, "session" text, "params" text, "hostname" varchar(255), "pid" integer, "created_at" datetime, "updated_at" datetime) [0m
  [4;35;1mSQL (0.1ms)[0m   [0mINSERT INTO schema_migrations (version) VALUES ('20090529001548')[0m
  [4;36;1mSQL (0.2ms)[0m   [0;1m SELECT name
 FROM sqlite_master
 WHERE type = 'table' AND NOT name = 'sqlite_sequence'
[0m
  [4;35;1mSQL (0.1ms)[0m   [0mSELECT version FROM schema_migrations[0m
  [4;36;1mSQL (0.1ms)[0m   [0;1m SELECT name
 FROM sqlite_master
 WHERE type = 'table' AND NOT name = 'sqlite_sequence'
[0m
  [4;35;1mSQL (0.0ms)[0m   [0mPRAGMA index_list("errors")[0m


Processing ErrorsController#new (for 127.0.0.1 at 2009-05-28 20:16:18) [GET]
Rendering template within layouts/errors
Rendering errors/new
Completed in 20ms (View: 15, DB: 0) | 200 OK [http://localhost/errors/new]


Processing ErrorsController#new (for 127.0.0.1 at 2009-05-28 20:18:17) [GET]
Rendering template within layouts/errors
Rendering errors/new
Completed in 19ms (View: 6, DB: 0) | 200 OK [http://localhost/errors/new]


Processing ErrorsController#create (for 127.0.0.1 at 2009-05-28 20:19:27) [POST]
  Parameters: {"error"=>{"pid"=>"1234", "message"=>"i got bored", "exception_type"=>"ArgumentErrro", "session"=>"fsdfsd\r\nsdfdsfsd\r\n\r\n\r\nsdfdsfdsf", "url"=>"http://blah.com/blah", "action"=>"bar", "params"=>"fsdfsd\r\nsdfdsfsd\r\n\r\n\r\nsdfdsfdsf", "controller"=>"foo", "stack_trace"=>"fsdfsd\r\nsdfdsfsd\r\n\r\n\r\nsdfdsfdsf", "hostname"=>"nevans-laptop", "env_vars"=>"fsdfsd\r\nsdfdsfsd\r\n\r\n\r\nsdfdsfdsf", "request_type"=>"GET"}, "commit"=>"Create", "authenticity_token"=>"ZrmQHnbSZnY0609ZQJ0ZodqVCd/zsgdyLbZl/Carkww="}
  [4;36;1mError Create (0.8ms)[0m   [0;1mINSERT INTO "errors" ("message", "pid", "updated_at", "exception_type", "action", "url", "session", "controller", "params", "stack_trace", "env_vars", "hostname", "request_type", "created_at") VALUES('i got bored', 1234, '2009-05-29 00:19:27', 'ArgumentErrro', 'bar', 'http://blah.com/blah', 'fsdfsd
sdfdsfsd


sdfdsfdsf', 'foo', 'fsdfsd
sdfdsfsd


sdfdsfdsf', 'fsdfsd
sdfdsfsd


sdfdsfdsf', 'fsdfsd
sdfdsfsd


sdfdsfdsf', 'nevans-laptop', 'GET', '2009-05-29 00:19:27')[0m
Redirected to http://localhost:3000/errors/1
Completed in 49ms (DB: 1) | 302 Found [http://localhost/errors]


Processing ErrorsController#show (for 127.0.0.1 at 2009-05-28 20:19:27) [GET]
  Parameters: {"id"=>"1"}
  [4;35;1mError Load (0.7ms)[0m   [0mSELECT * FROM "errors" WHERE ("errors"."id" = 1) [0m
Rendering template within layouts/errors
Rendering errors/show
Completed in 30ms (View: 16, DB: 1) | 200 OK [http://localhost/errors/1]


Processing ErrorsController#index (for 127.0.0.1 at 2009-05-28 20:19:35) [GET]
  [4;36;1mError Load (0.5ms)[0m   [0;1mSELECT * FROM "errors" [0m
Rendering template within layouts/errors
Rendering errors/index
Completed in 11ms (View: 8, DB: 0) | 200 OK [http://localhost/errors]


Processing ErrorsController#new (for 127.0.0.1 at 2009-05-28 20:19:42) [GET]
Rendering template within layouts/errors
Rendering errors/new
Completed in 25ms (View: 13, DB: 0) | 200 OK [http://localhost/errors/new]


Processing ErrorsController#create (for 127.0.0.1 at 2009-05-28 20:20:19) [POST]
  Parameters: {"error"=>{"pid"=>"123443", "message"=>"i got bored", "exception_type"=>"ArgumentErrro", "session"=>"asdfdsaf", "url"=>"another", "action"=>"bar", "params"=>"asdfdsaf", "controller"=>"foo", "stack_trace"=>"sadfdsaf", "hostname"=>"asdsad", "env_vars"=>"asdfdsf", "request_type"=>"fooosdf"}, "commit"=>"Create", "authenticity_token"=>"ZrmQHnbSZnY0609ZQJ0ZodqVCd/zsgdyLbZl/Carkww="}
  [4;35;1mError Create (0.2ms)[0m   [0mINSERT INTO "errors" ("message", "pid", "updated_at", "exception_type", "action", "url", "session", "controller", "params", "stack_trace", "env_vars", "hostname", "request_type", "created_at") VALUES('i got bored', 123443, '2009-05-29 00:20:19', 'ArgumentErrro', 'bar', 'another', 'asdfdsaf', 'foo', 'asdfdsaf', 'sadfdsaf', 'asdfdsf', 'asdsad', 'fooosdf', '2009-05-29 00:20:19')[0m
Redirected to http://localhost:3000/errors/2
Completed in 122ms (DB: 0) | 302 Found [http://localhost/errors]


Processing ErrorsController#show (for 127.0.0.1 at 2009-05-28 20:20:19) [GET]
  Parameters: {"id"=>"2"}
  [4;36;1mError Load (0.2ms)[0m   [0;1mSELECT * FROM "errors" WHERE ("errors"."id" = 2) [0m
Rendering template within layouts/errors
Rendering errors/show
Completed in 7ms (View: 2, DB: 0) | 200 OK [http://localhost/errors/2]


Processing ErrorsController#index (for 127.0.0.1 at 2009-05-28 20:20:21) [GET]
  [4;35;1mError Load (1.6ms)[0m   [0mSELECT * FROM "errors" [0m
Rendering template within layouts/errors
Rendering errors/index
Completed in 22ms (View: 10, DB: 2) | 200 OK [http://localhost/errors]
  [4;36;1mSQL (0.4ms)[0m   [0;1m SELECT name
 FROM sqlite_master
 WHERE type = 'table' AND NOT name = 'sqlite_sequence'
[0m
  [4;35;1mSQL (0.1ms)[0m   [0mSELECT version FROM schema_migrations[0m
  [4;36;1mSQL (0.1ms)[0m   [0;1mselect sqlite_version(*)[0m
  [4;35;1mSQL (0.1ms)[0m   [0m SELECT name
 FROM sqlite_master
 WHERE type = 'table' AND NOT name = 'sqlite_sequence'
[0m
  [4;36;1mSQL (11.9ms)[0m   [0;1mCREATE TABLE "errors" ("id" INTEGER PRIMARY KEY AUTOINCREMENT NOT NULL, "controller" varchar(255), "action" varchar(255), "exception_type" varchar(255), "message" varchar(255), "url" varchar(255), "request_type" varchar(255), "stack_trace" text, "env_vars" text, "session" text, "params" text, "hostname" varchar(255), "pid" integer, "created_at" datetime, "updated_at" datetime) [0m
  [4;35;1mSQL (0.1ms)[0m   [0m SELECT name
 FROM sqlite_master
 WHERE type = 'table' AND NOT name = 'sqlite_sequence'
[0m
  [4;36;1mSQL (3.5ms)[0m   [0;1mCREATE TABLE "schema_migrations" ("version" varchar(255) NOT NULL) [0m
  [4;35;1mSQL (3.8ms)[0m   [0mCREATE UNIQUE INDEX "unique_schema_migrations" ON "schema_migrations" ("version")[0m
  [4;36;1mSQL (0.1ms)[0m   [0;1m SELECT name
 FROM sqlite_master
 WHERE type = 'table' AND NOT name = 'sqlite_sequence'
[0m
  [4;35;1mSQL (0.1ms)[0m   [0mSELECT version FROM "schema_migrations"[0m
  [4;36;1mSQL (2.5ms)[0m   [0;1mINSERT INTO "schema_migrations" (version) VALUES ('20090529001548')[0m
  [4;36;1mSQL (0.4ms)[0m   [0;1m SELECT name
 FROM sqlite_master
 WHERE type = 'table' AND NOT name = 'sqlite_sequence'
[0m
  [4;35;1mSQL (0.1ms)[0m   [0mSELECT version FROM schema_migrations[0m
  [4;36;1mSQL (0.1ms)[0m   [0;1mselect sqlite_version(*)[0m
  [4;35;1mSQL (0.1ms)[0m   [0m SELECT name
 FROM sqlite_master
 WHERE type = 'table' AND NOT name = 'sqlite_sequence'
[0m
  [4;36;1mSQL (8.1ms)[0m   [0;1mCREATE TABLE "errors" ("id" INTEGER PRIMARY KEY AUTOINCREMENT NOT NULL, "controller" varchar(255), "action" varchar(255), "exception_type" varchar(255), "message" varchar(255), "url" varchar(255), "request_type" varchar(255), "stack_trace" text, "env_vars" text, "session" text, "params" text, "hostname" varchar(255), "pid" integer, "created_at" datetime, "updated_at" datetime) [0m
  [4;35;1mSQL (0.1ms)[0m   [0m SELECT name
 FROM sqlite_master
 WHERE type = 'table' AND NOT name = 'sqlite_sequence'
[0m
  [4;36;1mSQL (3.6ms)[0m   [0;1mCREATE TABLE "schema_migrations" ("version" varchar(255) NOT NULL) [0m
  [4;35;1mSQL (3.5ms)[0m   [0mCREATE UNIQUE INDEX "unique_schema_migrations" ON "schema_migrations" ("version")[0m
  [4;36;1mSQL (0.1ms)[0m   [0;1m SELECT name
 FROM sqlite_master
 WHERE type = 'table' AND NOT name = 'sqlite_sequence'
[0m
  [4;35;1mSQL (0.1ms)[0m   [0mSELECT version FROM "schema_migrations"[0m
  [4;36;1mSQL (3.0ms)[0m   [0;1mINSERT INTO "schema_migrations" (version) VALUES ('20090529001548')[0m
  [4;36;1mSQL (0.5ms)[0m   [0;1m SELECT name
 FROM sqlite_master
 WHERE type = 'table' AND NOT name = 'sqlite_sequence'
[0m
  [4;35;1mSQL (0.1ms)[0m   [0mSELECT version FROM schema_migrations[0m
  [4;36;1mSQL (0.1ms)[0m   [0;1mselect sqlite_version(*)[0m
  [4;35;1mSQL (0.1ms)[0m   [0m SELECT name
 FROM sqlite_master
 WHERE type = 'table' AND NOT name = 'sqlite_sequence'
[0m
  [4;36;1mSQL (7.6ms)[0m   [0;1mCREATE TABLE "errors" ("id" INTEGER PRIMARY KEY AUTOINCREMENT NOT NULL, "controller" varchar(255), "action" varchar(255), "exception_type" varchar(255), "message" varchar(255), "url" varchar(255), "request_type" varchar(255), "stack_trace" text, "env_vars" text, "session" text, "params" text, "hostname" varchar(255), "pid" integer, "created_at" datetime, "updated_at" datetime) [0m
  [4;35;1mSQL (0.1ms)[0m   [0m SELECT name
 FROM sqlite_master
 WHERE type = 'table' AND NOT name = 'sqlite_sequence'
[0m
  [4;36;1mSQL (3.3ms)[0m   [0;1mCREATE TABLE "schema_migrations" ("version" varchar(255) NOT NULL) [0m
  [4;35;1mSQL (3.6ms)[0m   [0mCREATE UNIQUE INDEX "unique_schema_migrations" ON "schema_migrations" ("version")[0m
  [4;36;1mSQL (0.1ms)[0m   [0;1m SELECT name
 FROM sqlite_master
 WHERE type = 'table' AND NOT name = 'sqlite_sequence'
[0m
  [4;35;1mSQL (0.1ms)[0m   [0mSELECT version FROM "schema_migrations"[0m
  [4;36;1mSQL (2.9ms)[0m   [0;1mINSERT INTO "schema_migrations" (version) VALUES ('20090529001548')[0m
  [4;36;1mSQL (0.4ms)[0m   [0;1m SELECT name
 FROM sqlite_master
 WHERE type = 'table' AND NOT name = 'sqlite_sequence'
[0m
  [4;35;1mSQL (0.1ms)[0m   [0mSELECT version FROM schema_migrations[0m
  [4;36;1mSQL (0.1ms)[0m   [0;1mselect sqlite_version(*)[0m
  [4;35;1mSQL (0.1ms)[0m   [0m SELECT name
 FROM sqlite_master
 WHERE type = 'table' AND NOT name = 'sqlite_sequence'
[0m
  [4;36;1mSQL (5.5ms)[0m   [0;1mCREATE TABLE "errors" ("id" INTEGER PRIMARY KEY AUTOINCREMENT NOT NULL, "controller" varchar(255), "action" varchar(255), "exception_type" varchar(255), "message" varchar(255), "url" varchar(255), "request_type" varchar(255), "stack_trace" text, "env_vars" text, "session" text, "params" text, "hostname" varchar(255), "pid" integer, "created_at" datetime, "updated_at" datetime) [0m
  [4;35;1mSQL (0.1ms)[0m   [0m SELECT name
 FROM sqlite_master
 WHERE type = 'table' AND NOT name = 'sqlite_sequence'
[0m
  [4;36;1mSQL (3.4ms)[0m   [0;1mCREATE TABLE "schema_migrations" ("version" varchar(255) NOT NULL) [0m
  [4;35;1mSQL (3.6ms)[0m   [0mCREATE UNIQUE INDEX "unique_schema_migrations" ON "schema_migrations" ("version")[0m
  [4;36;1mSQL (0.1ms)[0m   [0;1m SELECT name
 FROM sqlite_master
 WHERE type = 'table' AND NOT name = 'sqlite_sequence'
[0m
  [4;35;1mSQL (0.1ms)[0m   [0mSELECT version FROM "schema_migrations"[0m
  [4;36;1mSQL (2.6ms)[0m   [0;1mINSERT INTO "schema_migrations" (version) VALUES ('20090529001548')[0m
  [4;36;1mSQL (0.4ms)[0m   [0;1m SELECT name
 FROM sqlite_master
 WHERE type = 'table' AND NOT name = 'sqlite_sequence'
[0m
  [4;35;1mSQL (0.1ms)[0m   [0mSELECT version FROM schema_migrations[0m
  [4;36;1mSQL (0.1ms)[0m   [0;1mselect sqlite_version(*)[0m
  [4;35;1mSQL (0.1ms)[0m   [0m SELECT name
 FROM sqlite_master
 WHERE type = 'table' AND NOT name = 'sqlite_sequence'
[0m
  [4;36;1mSQL (6.2ms)[0m   [0;1mCREATE TABLE "errors" ("id" INTEGER PRIMARY KEY AUTOINCREMENT NOT NULL, "controller" varchar(255), "action" varchar(255), "exception_type" varchar(255), "message" varchar(255), "url" varchar(255), "request_type" varchar(255), "stack_trace" text, "env_vars" text, "session" text, "params" text, "hostname" varchar(255), "pid" integer, "created_at" datetime, "updated_at" datetime) [0m
  [4;35;1mSQL (0.1ms)[0m   [0m SELECT name
 FROM sqlite_master
 WHERE type = 'table' AND NOT name = 'sqlite_sequence'
[0m
  [4;36;1mSQL (3.2ms)[0m   [0;1mCREATE TABLE "schema_migrations" ("version" varchar(255) NOT NULL) [0m
  [4;35;1mSQL (3.5ms)[0m   [0mCREATE UNIQUE INDEX "unique_schema_migrations" ON "schema_migrations" ("version")[0m
  [4;36;1mSQL (0.1ms)[0m   [0;1m SELECT name
 FROM sqlite_master
 WHERE type = 'table' AND NOT name = 'sqlite_sequence'
[0m
  [4;35;1mSQL (0.1ms)[0m   [0mSELECT version FROM "schema_migrations"[0m
  [4;36;1mSQL (2.6ms)[0m   [0;1mINSERT INTO "schema_migrations" (version) VALUES ('20090529001548')[0m
  [4;36;1mSQL (0.4ms)[0m   [0;1m SELECT name
 FROM sqlite_master
 WHERE type = 'table' AND NOT name = 'sqlite_sequence'
[0m
  [4;35;1mSQL (0.1ms)[0m   [0mSELECT version FROM schema_migrations[0m
  [4;36;1mSQL (0.1ms)[0m   [0;1mselect sqlite_version(*)[0m
  [4;35;1mSQL (0.1ms)[0m   [0m SELECT name
 FROM sqlite_master
 WHERE type = 'table' AND NOT name = 'sqlite_sequence'
[0m
  [4;36;1mSQL (10.0ms)[0m   [0;1mCREATE TABLE "errors" ("id" INTEGER PRIMARY KEY AUTOINCREMENT NOT NULL, "controller" varchar(255), "action" varchar(255), "exception_type" varchar(255), "message" varchar(255), "url" varchar(255), "request_type" varchar(255), "stack_trace" text, "env_vars" text, "session" text, "params" text, "hostname" varchar(255), "pid" integer, "created_at" datetime, "updated_at" datetime) [0m
  [4;35;1mSQL (0.1ms)[0m   [0m SELECT name
 FROM sqlite_master
 WHERE type = 'table' AND NOT name = 'sqlite_sequence'
[0m
  [4;36;1mSQL (3.8ms)[0m   [0;1mCREATE TABLE "schema_migrations" ("version" varchar(255) NOT NULL) [0m
  [4;35;1mSQL (3.7ms)[0m   [0mCREATE UNIQUE INDEX "unique_schema_migrations" ON "schema_migrations" ("version")[0m
  [4;36;1mSQL (0.1ms)[0m   [0;1m SELECT name
 FROM sqlite_master
 WHERE type = 'table' AND NOT name = 'sqlite_sequence'
[0m
  [4;35;1mSQL (0.1ms)[0m   [0mSELECT version FROM "schema_migrations"[0m
  [4;36;1mSQL (2.9ms)[0m   [0;1mINSERT INTO "schema_migrations" (version) VALUES ('20090529001548')[0m
  [4;36;1mSQL (0.4ms)[0m   [0;1m SELECT name
 FROM sqlite_master
 WHERE type = 'table' AND NOT name = 'sqlite_sequence'
[0m
  [4;35;1mSQL (0.1ms)[0m   [0mSELECT version FROM schema_migrations[0m
  [4;36;1mSQL (0.1ms)[0m   [0;1mselect sqlite_version(*)[0m
  [4;35;1mSQL (0.1ms)[0m   [0m SELECT name
 FROM sqlite_master
 WHERE type = 'table' AND NOT name = 'sqlite_sequence'
[0m
  [4;36;1mSQL (10.2ms)[0m   [0;1mCREATE TABLE "errors" ("id" INTEGER PRIMARY KEY AUTOINCREMENT NOT NULL, "controller" varchar(255), "action" varchar(255), "exception_type" varchar(255), "message" varchar(255), "url" varchar(255), "request_type" varchar(255), "stack_trace" text, "env_vars" text, "session" text, "params" text, "hostname" varchar(255), "pid" integer, "created_at" datetime, "updated_at" datetime) [0m
  [4;35;1mSQL (0.1ms)[0m   [0m SELECT name
 FROM sqlite_master
 WHERE type = 'table' AND NOT name = 'sqlite_sequence'
[0m
  [4;36;1mSQL (3.7ms)[0m   [0;1mCREATE TABLE "schema_migrations" ("version" varchar(255) NOT NULL) [0m
  [4;35;1mSQL (3.7ms)[0m   [0mCREATE UNIQUE INDEX "unique_schema_migrations" ON "schema_migrations" ("version")[0m
  [4;36;1mSQL (0.1ms)[0m   [0;1m SELECT name
 FROM sqlite_master
 WHERE type = 'table' AND NOT name = 'sqlite_sequence'
[0m
  [4;35;1mSQL (0.1ms)[0m   [0mSELECT version FROM "schema_migrations"[0m
  [4;36;1mSQL (2.6ms)[0m   [0;1mINSERT INTO "schema_migrations" (version) VALUES ('20090529001548')[0m
  [4;36;1mSQL (0.4ms)[0m   [0;1m SELECT name
 FROM sqlite_master
 WHERE type = 'table' AND NOT name = 'sqlite_sequence'
[0m
  [4;35;1mSQL (0.1ms)[0m   [0mSELECT version FROM schema_migrations[0m
  [4;36;1mSQL (0.1ms)[0m   [0;1mselect sqlite_version(*)[0m
  [4;35;1mSQL (0.1ms)[0m   [0m SELECT name
 FROM sqlite_master
 WHERE type = 'table' AND NOT name = 'sqlite_sequence'
[0m
  [4;36;1mSQL (7.3ms)[0m   [0;1mCREATE TABLE "errors" ("id" INTEGER PRIMARY KEY AUTOINCREMENT NOT NULL, "controller" varchar(255), "action" varchar(255), "exception_type" varchar(255), "message" varchar(255), "url" varchar(255), "request_type" varchar(255), "stack_trace" text, "env_vars" text, "session" text, "params" text, "hostname" varchar(255), "pid" integer, "created_at" datetime, "updated_at" datetime) [0m
  [4;35;1mSQL (0.1ms)[0m   [0m SELECT name
 FROM sqlite_master
 WHERE type = 'table' AND NOT name = 'sqlite_sequence'
[0m
  [4;36;1mSQL (3.5ms)[0m   [0;1mCREATE TABLE "schema_migrations" ("version" varchar(255) NOT NULL) [0m
  [4;35;1mSQL (3.7ms)[0m   [0mCREATE UNIQUE INDEX "unique_schema_migrations" ON "schema_migrations" ("version")[0m
  [4;36;1mSQL (0.1ms)[0m   [0;1m SELECT name
 FROM sqlite_master
 WHERE type = 'table' AND NOT name = 'sqlite_sequence'
[0m
  [4;35;1mSQL (0.1ms)[0m   [0mSELECT version FROM "schema_migrations"[0m
  [4;36;1mSQL (2.9ms)[0m   [0;1mINSERT INTO "schema_migrations" (version) VALUES ('20090529001548')[0m
  [4;36;1mSQL (0.7ms)[0m   [0;1m SELECT name
 FROM sqlite_master
 WHERE type = 'table' AND NOT name = 'sqlite_sequence'
[0m
  [4;35;1mSQL (0.1ms)[0m   [0mSELECT version FROM schema_migrations[0m
  [4;36;1mSQL (0.1ms)[0m   [0;1mselect sqlite_version(*)[0m
  [4;35;1mSQL (0.1ms)[0m   [0m SELECT name
 FROM sqlite_master
 WHERE type = 'table' AND NOT name = 'sqlite_sequence'
[0m
  [4;36;1mSQL (10.0ms)[0m   [0;1mCREATE TABLE "errors" ("id" INTEGER PRIMARY KEY AUTOINCREMENT NOT NULL, "controller" varchar(255), "action" varchar(255), "exception_type" varchar(255), "message" varchar(255), "url" varchar(255), "request_type" varchar(255), "stack_trace" text, "env_vars" text, "session" text, "params" text, "hostname" varchar(255), "pid" integer, "created_at" datetime, "updated_at" datetime) [0m
  [4;35;1mSQL (0.1ms)[0m   [0m SELECT name
 FROM sqlite_master
 WHERE type = 'table' AND NOT name = 'sqlite_sequence'
[0m
  [4;36;1mSQL (3.5ms)[0m   [0;1mCREATE TABLE "schema_migrations" ("version" varchar(255) NOT NULL) [0m
  [4;35;1mSQL (3.6ms)[0m   [0mCREATE UNIQUE INDEX "unique_schema_migrations" ON "schema_migrations" ("version")[0m
  [4;36;1mSQL (0.1ms)[0m   [0;1m SELECT name
 FROM sqlite_master
 WHERE type = 'table' AND NOT name = 'sqlite_sequence'
[0m
  [4;35;1mSQL (0.1ms)[0m   [0mSELECT version FROM "schema_migrations"[0m
  [4;36;1mSQL (3.1ms)[0m   [0;1mINSERT INTO "schema_migrations" (version) VALUES ('20090529001548')[0m
  [4;36;1mSQL (0.4ms)[0m   [0;1m SELECT name
 FROM sqlite_master
 WHERE type = 'table' AND NOT name = 'sqlite_sequence'
[0m
  [4;35;1mSQL (0.1ms)[0m   [0mSELECT version FROM schema_migrations[0m
  [4;36;1mSQL (0.1ms)[0m   [0;1mselect sqlite_version(*)[0m
  [4;35;1mSQL (0.1ms)[0m   [0m SELECT name
 FROM sqlite_master
 WHERE type = 'table' AND NOT name = 'sqlite_sequence'
[0m
  [4;36;1mSQL (7.9ms)[0m   [0;1mCREATE TABLE "errors" ("id" INTEGER PRIMARY KEY AUTOINCREMENT NOT NULL, "controller" varchar(255), "action" varchar(255), "exception_type" varchar(255), "message" varchar(255), "url" varchar(255), "request_type" varchar(255), "stack_trace" text, "env_vars" text, "session" text, "params" text, "hostname" varchar(255), "pid" integer, "created_at" datetime, "updated_at" datetime) [0m
  [4;35;1mSQL (0.1ms)[0m   [0m SELECT name
 FROM sqlite_master
 WHERE type = 'table' AND NOT name = 'sqlite_sequence'
[0m
  [4;36;1mSQL (3.3ms)[0m   [0;1mCREATE TABLE "schema_migrations" ("version" varchar(255) NOT NULL) [0m
  [4;35;1mSQL (3.6ms)[0m   [0mCREATE UNIQUE INDEX "unique_schema_migrations" ON "schema_migrations" ("version")[0m
  [4;36;1mSQL (0.1ms)[0m   [0;1m SELECT name
 FROM sqlite_master
 WHERE type = 'table' AND NOT name = 'sqlite_sequence'
[0m
  [4;35;1mSQL (0.1ms)[0m   [0mSELECT version FROM "schema_migrations"[0m
  [4;36;1mSQL (2.5ms)[0m   [0;1mINSERT INTO "schema_migrations" (version) VALUES ('20090529001548')[0m
  [4;36;1mSQL (0.4ms)[0m   [0;1m SELECT name
 FROM sqlite_master
 WHERE type = 'table' AND NOT name = 'sqlite_sequence'
[0m
  [4;35;1mSQL (0.1ms)[0m   [0mSELECT version FROM schema_migrations[0m
  [4;36;1mSQL (0.1ms)[0m   [0;1mselect sqlite_version(*)[0m
  [4;35;1mSQL (0.1ms)[0m   [0m SELECT name
 FROM sqlite_master
 WHERE type = 'table' AND NOT name = 'sqlite_sequence'
[0m
  [4;36;1mSQL (9.0ms)[0m   [0;1mCREATE TABLE "errors" ("id" INTEGER PRIMARY KEY AUTOINCREMENT NOT NULL, "controller" varchar(255), "action" varchar(255), "exception_type" varchar(255), "message" varchar(255), "url" varchar(255), "request_type" varchar(255), "stack_trace" text, "env_vars" text, "session" text, "params" text, "hostname" varchar(255), "pid" integer, "created_at" datetime, "updated_at" datetime) [0m
  [4;35;1mSQL (0.1ms)[0m   [0m SELECT name
 FROM sqlite_master
 WHERE type = 'table' AND NOT name = 'sqlite_sequence'
[0m
  [4;36;1mSQL (3.3ms)[0m   [0;1mCREATE TABLE "schema_migrations" ("version" varchar(255) NOT NULL) [0m
  [4;35;1mSQL (3.7ms)[0m   [0mCREATE UNIQUE INDEX "unique_schema_migrations" ON "schema_migrations" ("version")[0m
  [4;36;1mSQL (0.1ms)[0m   [0;1m SELECT name
 FROM sqlite_master
 WHERE type = 'table' AND NOT name = 'sqlite_sequence'
[0m
  [4;35;1mSQL (0.1ms)[0m   [0mSELECT version FROM "schema_migrations"[0m
  [4;36;1mSQL (3.1ms)[0m   [0;1mINSERT INTO "schema_migrations" (version) VALUES ('20090529001548')[0m
  [4;36;1mSQL (0.4ms)[0m   [0;1m SELECT name
 FROM sqlite_master
 WHERE type = 'table' AND NOT name = 'sqlite_sequence'
[0m
  [4;35;1mSQL (0.1ms)[0m   [0mSELECT version FROM schema_migrations[0m
  [4;36;1mSQL (0.1ms)[0m   [0;1mselect sqlite_version(*)[0m
  [4;35;1mSQL (0.1ms)[0m   [0m SELECT name
 FROM sqlite_master
 WHERE type = 'table' AND NOT name = 'sqlite_sequence'
[0m
  [4;36;1mSQL (9.1ms)[0m   [0;1mCREATE TABLE "errors" ("id" INTEGER PRIMARY KEY AUTOINCREMENT NOT NULL, "controller" varchar(255), "action" varchar(255), "exception_type" varchar(255), "message" varchar(255), "url" varchar(255), "request_type" varchar(255), "stack_trace" text, "env_vars" text, "session" text, "params" text, "hostname" varchar(255), "pid" integer, "created_at" datetime, "updated_at" datetime) [0m
  [4;35;1mSQL (0.1ms)[0m   [0m SELECT name
 FROM sqlite_master
 WHERE type = 'table' AND NOT name = 'sqlite_sequence'
[0m
  [4;36;1mSQL (3.5ms)[0m   [0;1mCREATE TABLE "schema_migrations" ("version" varchar(255) NOT NULL) [0m
  [4;35;1mSQL (3.5ms)[0m   [0mCREATE UNIQUE INDEX "unique_schema_migrations" ON "schema_migrations" ("version")[0m
  [4;36;1mSQL (0.1ms)[0m   [0;1m SELECT name
 FROM sqlite_master
 WHERE type = 'table' AND NOT name = 'sqlite_sequence'
[0m
  [4;35;1mSQL (0.1ms)[0m   [0mSELECT version FROM "schema_migrations"[0m
  [4;36;1mSQL (2.6ms)[0m   [0;1mINSERT INTO "schema_migrations" (version) VALUES ('20090529001548')[0m
  [4;36;1mSQL (0.7ms)[0m   [0;1mSELECT count(*) AS count_all, controller || '#' || action AS controller_action FROM "errors" GROUP BY controller || '#' || action [0m
  [4;35;1mSQL (0.8ms)[0m   [0mSELECT count(*) AS count_all, controller || 'fooooo' || action AS controller_fooooo_action FROM "errors" GROUP BY controller || 'fooooo' || action [0m
  [4;36;1mSQL (0.5ms)[0m   [0;1mSELECT count(*) AS count_all, controller || '#' || action AS controller_action FROM "errors" GROUP BY controller || '#' || action [0m
